2020-10-03 18:31:05,029 DEBUG [TestNG-test=PHP Travels App Test Cases-2] InternalLoggerFactory:53 - Using Log4J as the default logging framework
2020-10-03 18:31:05,039 DEBUG [TestNG-test=PHP Travels App Test Cases-2] ResourceLeakDetector:130 - -Dio.netty.leakDetection.level: simple
2020-10-03 18:31:05,040 DEBUG [TestNG-test=PHP Travels App Test Cases-2] ResourceLeakDetector:131 - -Dio.netty.leakDetection.targetRecords: 4
2020-10-03 18:31:05,048 DEBUG [TestNG-test=PHP Travels App Test Cases-2] ResourceLeakDetectorFactory:195 - Loaded default ResourceLeakDetector: io.netty.util.ResourceLeakDetector@314ff27b
2020-10-03 18:31:05,088 DEBUG [TestNG-test=PHP Travels App Test Cases-2] PlatformDependent:1015 - Platform: Windows
2020-10-03 18:31:05,093 DEBUG [TestNG-test=PHP Travels App Test Cases-2] PlatformDependent0:408 - -Dio.netty.noUnsafe: false
2020-10-03 18:31:05,094 DEBUG [TestNG-test=PHP Travels App Test Cases-2] PlatformDependent0:876 - Java version: 8
2020-10-03 18:31:05,096 DEBUG [TestNG-test=PHP Travels App Test Cases-2] PlatformDependent0:125 - sun.misc.Unsafe.theUnsafe: available
2020-10-03 18:31:05,098 DEBUG [TestNG-test=PHP Travels App Test Cases-2] PlatformDependent0:149 - sun.misc.Unsafe.copyMemory: available
2020-10-03 18:31:05,100 DEBUG [TestNG-test=PHP Travels App Test Cases-2] PlatformDependent0:187 - java.nio.Buffer.address: available
2020-10-03 18:31:05,102 DEBUG [TestNG-test=PHP Travels App Test Cases-2] PlatformDependent0:252 - direct buffer constructor: available
2020-10-03 18:31:05,104 DEBUG [TestNG-test=PHP Travels App Test Cases-2] PlatformDependent0:326 - java.nio.Bits.unaligned: available, true
2020-10-03 18:31:05,105 DEBUG [TestNG-test=PHP Travels App Test Cases-2] PlatformDependent0:391 - jdk.internal.misc.Unsafe.allocateUninitializedArray(int): unavailable prior to Java9
2020-10-03 18:31:05,105 DEBUG [TestNG-test=PHP Travels App Test Cases-2] PlatformDependent0:398 - java.nio.DirectByteBuffer.<init>(long, int): available
2020-10-03 18:31:05,106 DEBUG [TestNG-test=PHP Travels App Test Cases-2] PlatformDependent:1058 - sun.misc.Unsafe: available
2020-10-03 18:31:05,107 DEBUG [TestNG-test=PHP Travels App Test Cases-2] PlatformDependent:1177 - -Dio.netty.tmpdir: C:\Users\503173~1\AppData\Local\Temp (java.io.tmpdir)
2020-10-03 18:31:05,108 DEBUG [TestNG-test=PHP Travels App Test Cases-2] PlatformDependent:1256 - -Dio.netty.bitMode: 64 (sun.arch.data.model)
2020-10-03 18:31:05,110 DEBUG [TestNG-test=PHP Travels App Test Cases-2] PlatformDependent:177 - -Dio.netty.maxDirectMemory: 3791650816 bytes
2020-10-03 18:31:05,111 DEBUG [TestNG-test=PHP Travels App Test Cases-2] PlatformDependent:184 - -Dio.netty.uninitializedArrayAllocationThreshold: -1
2020-10-03 18:31:05,114 DEBUG [TestNG-test=PHP Travels App Test Cases-2] CleanerJava6:92 - java.nio.ByteBuffer.cleaner(): available
2020-10-03 18:31:05,115 DEBUG [TestNG-test=PHP Travels App Test Cases-2] PlatformDependent:204 - -Dio.netty.noPreferDirect: false
2020-10-03 18:31:05,136 DEBUG [TestNG-test=PHP Travels App Test Cases-2] PlatformDependent:919 - org.jctools-core.MpscChunkedArrayQueue: available
2020-10-03 18:31:05,218 DEBUG [TestNG-test=PHP Travels App Test Cases-2] JdkSslContext:96 - Default protocols (JDK): [TLSv1.2, TLSv1.1, TLSv1] 
2020-10-03 18:31:05,224 DEBUG [TestNG-test=PHP Travels App Test Cases-2] JdkSslContext:97 - Default cipher suites (JDK): [TLS_ECDHE_ECDSA_WITH_AES_256_GCM_SHA384, TLS_ECDHE_ECDSA_WITH_AES_128_GCM_SHA256, TLS_ECDHE_RSA_WITH_AES_128_GCM_SHA256, TLS_ECDHE_RSA_WITH_AES_256_GCM_SHA384, TLS_ECDHE_RSA_WITH_AES_128_CBC_SHA, TLS_ECDHE_RSA_WITH_AES_256_CBC_SHA, TLS_RSA_WITH_AES_128_GCM_SHA256, TLS_RSA_WITH_AES_128_CBC_SHA, TLS_RSA_WITH_AES_256_CBC_SHA]
2020-10-03 18:31:05,283 DEBUG [TestNG-test=PHP Travels App Test Cases-2] InternalThreadLocalMap:56 - -Dio.netty.threadLocalMap.stringBuilder.initialSize: 1024
2020-10-03 18:31:05,284 DEBUG [TestNG-test=PHP Travels App Test Cases-2] InternalThreadLocalMap:59 - -Dio.netty.threadLocalMap.stringBuilder.maxSize: 4096
2020-10-03 18:31:05,305 DEBUG [TestNG-test=PHP Travels App Test Cases-2] MultithreadEventLoopGroup:44 - -Dio.netty.eventLoopThreads: 8
2020-10-03 18:31:05,330 DEBUG [TestNG-test=PHP Travels App Test Cases-2] NioEventLoop:106 - -Dio.netty.noKeySetOptimization: false
2020-10-03 18:31:05,331 DEBUG [TestNG-test=PHP Travels App Test Cases-2] NioEventLoop:107 - -Dio.netty.selectorAutoRebuildThreshold: 512
2020-10-03 18:31:05,444 DEBUG [TestNG-test=PHP Travels App Test Cases-2] PooledByteBufAllocator:156 - -Dio.netty.allocator.numHeapArenas: 8
2020-10-03 18:31:05,445 DEBUG [TestNG-test=PHP Travels App Test Cases-2] PooledByteBufAllocator:157 - -Dio.netty.allocator.numDirectArenas: 8
2020-10-03 18:31:05,445 DEBUG [TestNG-test=PHP Travels App Test Cases-2] PooledByteBufAllocator:159 - -Dio.netty.allocator.pageSize: 8192
2020-10-03 18:31:05,446 DEBUG [TestNG-test=PHP Travels App Test Cases-2] PooledByteBufAllocator:164 - -Dio.netty.allocator.maxOrder: 11
2020-10-03 18:31:05,446 DEBUG [TestNG-test=PHP Travels App Test Cases-2] PooledByteBufAllocator:168 - -Dio.netty.allocator.chunkSize: 16777216
2020-10-03 18:31:05,447 DEBUG [TestNG-test=PHP Travels App Test Cases-2] PooledByteBufAllocator:169 - -Dio.netty.allocator.tinyCacheSize: 512
2020-10-03 18:31:05,447 DEBUG [TestNG-test=PHP Travels App Test Cases-2] PooledByteBufAllocator:170 - -Dio.netty.allocator.smallCacheSize: 256
2020-10-03 18:31:05,448 DEBUG [TestNG-test=PHP Travels App Test Cases-2] PooledByteBufAllocator:171 - -Dio.netty.allocator.normalCacheSize: 64
2020-10-03 18:31:05,448 DEBUG [TestNG-test=PHP Travels App Test Cases-2] PooledByteBufAllocator:172 - -Dio.netty.allocator.maxCachedBufferCapacity: 32768
2020-10-03 18:31:05,448 DEBUG [TestNG-test=PHP Travels App Test Cases-2] PooledByteBufAllocator:173 - -Dio.netty.allocator.cacheTrimInterval: 8192
2020-10-03 18:31:05,449 DEBUG [TestNG-test=PHP Travels App Test Cases-2] PooledByteBufAllocator:174 - -Dio.netty.allocator.cacheTrimIntervalMillis: 0
2020-10-03 18:31:05,450 DEBUG [TestNG-test=PHP Travels App Test Cases-2] PooledByteBufAllocator:175 - -Dio.netty.allocator.useCacheForAllThreads: true
2020-10-03 18:31:05,450 DEBUG [TestNG-test=PHP Travels App Test Cases-2] PooledByteBufAllocator:176 - -Dio.netty.allocator.maxCachedByteBuffersPerChunk: 1023
2020-10-03 18:31:05,465 DEBUG [TestNG-test=PHP Travels App Test Cases-2] ByteBufUtil:86 - -Dio.netty.allocator.type: pooled
2020-10-03 18:31:05,466 DEBUG [TestNG-test=PHP Travels App Test Cases-2] ByteBufUtil:95 - -Dio.netty.threadLocalDirectBufferSize: 0
2020-10-03 18:31:05,466 DEBUG [TestNG-test=PHP Travels App Test Cases-2] ByteBufUtil:98 - -Dio.netty.maxThreadLocalCharBufferSize: 16384
